Using pre-set license
Built from 'trunk' branch; Version is '6000.0.3f1 (019aa96b6ed9) revision 105129'; Using compiler version '193933522'; Build Type 'Release'
OS: 'Windows 11  (10.0.26100) 64bit Core' Language: 'en' Physical Memory: 32386 MB
BatchMode: 1, IsHumanControllingUs: 0, StartBugReporterOnCrash: 0, Is64bit: 1, IsPro: 1

COMMAND LINE ARGUMENTS:
C:\Program Files\Unity\Hub\Editor\6000.0.3f1\Editor\Unity.exe
-adb2
-batchMode
-noUpm
-name
AssetImportWorker2
-projectPath
C:/WorkFolder/RpgTalentTree
-logFile
Logs/AssetImportWorker2.log
-srvPort
58784
-job-worker-count
15
-background-job-worker-count
8
-asset-garbage-collectors
1
Successfully changed project path to: C:/WorkFolder/RpgTalentTree
C:/WorkFolder/RpgTalentTree
[UnityMemory] Configuration Parameters - Can be set up in boot.config
    "memorysetup-bucket-allocator-granularity=16"
    "memorysetup-bucket-allocator-bucket-count=8"
    "memorysetup-bucket-allocator-block-size=33554432"
    "memorysetup-bucket-allocator-block-count=8"
    "memorysetup-main-allocator-block-size=16777216"
    "memorysetup-thread-allocator-block-size=16777216"
    "memorysetup-gfx-main-allocator-block-size=16777216"
    "memorysetup-gfx-thread-allocator-block-size=16777216"
    "memorysetup-cache-allocator-block-size=4194304"
    "memorysetup-typetree-allocator-block-size=2097152"
    "memorysetup-profiler-bucket-allocator-granularity=16"
    "memorysetup-profiler-bucket-allocator-bucket-count=8"
    "memorysetup-profiler-bucket-allocator-block-size=33554432"
    "memorysetup-profiler-bucket-allocator-block-count=8"
    "memorysetup-profiler-allocator-block-size=16777216"
    "memorysetup-profiler-editor-allocator-block-size=1048576"
    "memorysetup-temp-allocator-size-main=16777216"
    "memorysetup-job-temp-allocator-block-size=2097152"
    "memorysetup-job-temp-allocator-block-size-background=1048576"
    "memorysetup-job-temp-allocator-reduction-small-platforms=262144"
    "memorysetup-allocator-temp-initial-block-size-main=262144"
    "memorysetup-allocator-temp-initial-block-size-worker=262144"
    "memorysetup-temp-allocator-size-background-worker=32768"
    "memorysetup-temp-allocator-size-job-worker=262144"
    "memorysetup-temp-allocator-size-preload-manager=33554432"
    "memorysetup-temp-allocator-size-nav-mesh-worker=65536"
    "memorysetup-temp-allocator-size-audio-worker=65536"
    "memorysetup-temp-allocator-size-cloud-worker=32768"
    "memorysetup-temp-allocator-size-gi-baking-worker=262144"
    "memorysetup-temp-allocator-size-gi-baking-worker=262144"
    "memorysetup-temp-allocator-size-gi-baking-worker=262144"
    "memorysetup-temp-allocator-size-gi-baking-worker=262144"
    "memorysetup-temp-allocator-size-gi-baking-worker=262144"
    "memorysetup-temp-allocator-size-gfx=262144"
Player connection [43532]  Target information:

Player connection [43532]  * "[IP] 10.133.140.19 [Port] 0 [Flags] 2 [Guid] 3654097944 [EditorId] 3654097944 [Version] 1048832 [Id] WindowsEditor(7,Dustik) [Debug] 1 [PackageName] WindowsEditor [ProjectName] Editor" 

Player connection [43532]  * "[IP] 192.168.1.2 [Port] 0 [Flags] 2 [Guid] 3654097944 [EditorId] 3654097944 [Version] 1048832 [Id] WindowsEditor(7,Dustik) [Debug] 1 [PackageName] WindowsEditor [ProjectName] Editor" 

Player connection [43532] Host joined multi-casting on [225.0.0.222:54997]...
Player connection [43532] Host joined alternative multi-casting on [225.0.0.222:34997]...
JobSystem: Creating JobQueue using job-worker-count value 15
Library Redirect Path: Library/
[PhysX] Initialized MultithreadedTaskDispatcher with 16 workers.
Refreshing native plugins compatible for Editor in 0.23 ms, found 0 plugins.
Preloading 0 native plugins for Editor in 0.00 ms.
Initialize engine version: 6000.0.3f1 (019aa96b6ed9)
[Subsystems] Discovering subsystems at path C:/Program Files/Unity/Hub/Editor/6000.0.3f1/Editor/Data/Resources/UnitySubsystems
[Subsystems] Discovering subsystems at path C:/WorkFolder/RpgTalentTree/Assets
GfxDevice: creating device client; kGfxThreadingModeNonThreaded
Direct3D:
    Version:  Direct3D 11.0 [level 11.1]
    Renderer: NVIDIA GeForce RTX 4090 Laptop GPU (ID=0x2757)
    Vendor:   NVIDIA
    VRAM:     16050 MB
    Driver:   32.0.15.6607
Initialize mono
Mono path[0] = 'C:/Program Files/Unity/Hub/Editor/6000.0.3f1/Editor/Data/Managed'
Mono path[1] = 'C:/Program Files/Unity/Hub/Editor/6000.0.3f1/Editor/Data/MonoBleedingEdge/lib/mono/unityjit-win32'
Mono config path = 'C:/Program Files/Unity/Hub/Editor/6000.0.3f1/Editor/Data/MonoBleedingEdge/etc'
Using monoOptions --debugger-agent=transport=dt_socket,embedding=1,server=y,suspend=n,address=127.0.0.1:56520
Begin MonoManager ReloadAssembly
Registering precompiled unity dll's ...
Register platform support module: C:/Program Files/Unity/Hub/Editor/6000.0.3f1/Editor/Data/PlaybackEngines/WindowsStandaloneSupport/UnityEditor.WindowsStandalone.Extensions.dll
Registered in 0.001672 seconds.
- Loaded All Assemblies, in  0.697 seconds
Native extension for WindowsStandalone target not found
Mono: successfully reloaded assembly
- Finished resetting the current domain, in  0.300 seconds
Domain Reload Profiling: 996ms
	BeginReloadAssembly (81ms)
		ExecutionOrderSort (0ms)
		DisableScriptedObjects (0ms)
		BackupInstance (0ms)
		ReleaseScriptingObjects (0ms)
		CreateAndSetChildDomain (1ms)
	RebuildCommonClasses (25ms)
	RebuildNativeTypeToScriptingClass (7ms)
	initialDomainReloadingComplete (30ms)
	LoadAllAssembliesAndSetupDomain (552ms)
		LoadAssemblies (79ms)
		RebuildTransferFunctionScriptingTraits (0ms)
		AnalyzeDomain (550ms)
			TypeCache.Refresh (549ms)
				TypeCache.ScanAssembly (341ms)
			BuildScriptInfoCaches (0ms)
			ResolveRequiredComponents (0ms)
	FinalizeReload (301ms)
		ReleaseScriptCaches (0ms)
		RebuildScriptCaches (0ms)
		SetupLoadedEditorAssemblies (263ms)
			LogAssemblyErrors (0ms)
			InitializePlatformSupportModulesInManaged (17ms)
			SetLoadedEditorAssemblies (4ms)
			BeforeProcessingInitializeOnLoad (4ms)
			ProcessInitializeOnLoadAttributes (105ms)
			ProcessInitializeOnLoadMethodAttributes (135ms)
			AfterProcessingInitializeOnLoad (0ms)
			EditorAssembliesLoaded (0ms)
		ExecutionOrderSort2 (0ms)
		AwakeInstancesAfterBackupRestoration (0ms)
========================================================================
Worker process is ready to serve import requests
Import Worker Mode flag is 0x00
Begin MonoManager ReloadAssembly
- Loaded All Assemblies, in  1.080 seconds
Refreshing native plugins compatible for Editor in 0.15 ms, found 0 plugins.
Native extension for WindowsStandalone target not found
[MODES] ModeService[none].Initialize
[MODES] ModeService[none].LoadModes
[MODES] Loading mode Default (0) for mode-current-id-RpgTalentTree
Mono: successfully reloaded assembly
- Finished resetting the current domain, in  0.467 seconds
Domain Reload Profiling: 1544ms
	BeginReloadAssembly (804ms)
		ExecutionOrderSort (0ms)
		DisableScriptedObjects (5ms)
		BackupInstance (0ms)
		ReleaseScriptingObjects (0ms)
		CreateAndSetChildDomain (20ms)
	RebuildCommonClasses (23ms)
	RebuildNativeTypeToScriptingClass (7ms)
	initialDomainReloadingComplete (24ms)
	LoadAllAssembliesAndSetupDomain (219ms)
		LoadAssemblies (202ms)
		RebuildTransferFunctionScriptingTraits (0ms)
		AnalyzeDomain (80ms)
			TypeCache.Refresh (52ms)
				TypeCache.ScanAssembly (47ms)
			BuildScriptInfoCaches (22ms)
			ResolveRequiredComponents (4ms)
	FinalizeReload (467ms)
		ReleaseScriptCaches (0ms)
		RebuildScriptCaches (0ms)
		SetupLoadedEditorAssemblies (335ms)
			LogAssemblyErrors (0ms)
			InitializePlatformSupportModulesInManaged (2ms)
			SetLoadedEditorAssemblies (3ms)
			BeforeProcessingInitializeOnLoad (54ms)
			ProcessInitializeOnLoadAttributes (123ms)
			ProcessInitializeOnLoadMethodAttributes (151ms)
			AfterProcessingInitializeOnLoad (3ms)
			EditorAssembliesLoaded (0ms)
		ExecutionOrderSort2 (0ms)
		AwakeInstancesAfterBackupRestoration (5ms)
Launched and connected shader compiler UnityShaderCompiler.exe after 0.01 seconds
Refreshing native plugins compatible for Editor in 0.14 ms, found 0 plugins.
Preloading 0 native plugins for Editor in 0.00 ms.
Unloading 106 Unused Serialized files (Serialized files now loaded: 0)
Unloading 3926 unused Assets / (7.9 MB). Loaded Objects now: 4474.
Memory consumption went from 151.3 MB to 143.4 MB.
Total: 6.434300 ms (FindLiveObjects: 0.230900 ms CreateObjectMapping: 0.113700 ms MarkObjects: 3.971800 ms  DeleteObjects: 2.116600 ms)

========================================================================
Received Import Request.
  Time since last request: 63435.195126 seconds.
  path: Assets/DungeonTheme.asset
  artifactKey: Guid(ea92cfcf2cc20bf438196e4e7638b7c2) Importer(815301076,1909f56bfc062723c751e8b465ee728b)
Start importing Assets/DungeonTheme.asset using Guid(ea92cfcf2cc20bf438196e4e7638b7c2) Importer(815301076,1909f56bfc062723c751e8b465ee728b) (PreviewImporter)[PhysX] Initialized MultithreadedTaskDispatcher with 16 workers.
 -> (artifact id: '267df46effb51007209184f63b630c0e') in 0.0233675 seconds
Number of updated asset objects reloaded before import = 0Number of asset objects unloaded after import = 21

========================================================================
Received Import Request.
  Time since last request: 2.634611 seconds.
  path: Assets/NuGet.config
  artifactKey: Guid(61f53dc4b99d47c48bcab8fbc22d6372) Importer(815301076,1909f56bfc062723c751e8b465ee728b)
Start importing Assets/NuGet.config using Guid(61f53dc4b99d47c48bcab8fbc22d6372) Importer(815301076,1909f56bfc062723c751e8b465ee728b) (PreviewImporter)[PhysX] Initialized MultithreadedTaskDispatcher with 16 workers.
Could not generate preview image
 -> (artifact id: '0d8d4d83d48e4b2b80897b5bf3a29673') in 0.0197314 seconds
  ERROR: Import of 'Assets/NuGet.config' had errors: Could not generate preview image
Number of updated asset objects reloaded before import = 0Number of asset objects unloaded after import = 0

========================================================================
Received Prepare
Begin MonoManager ReloadAssembly
- Loaded All Assemblies, in  0.380 seconds
Refreshing native plugins compatible for Editor in 0.22 ms, found 0 plugins.
Native extension for WindowsStandalone target not found
[MODES] ModeService[none].Initialize
[MODES] ModeService[none].LoadModes
Mono: successfully reloaded assembly
- Finished resetting the current domain, in  0.500 seconds
Domain Reload Profiling: 880ms
	BeginReloadAssembly (131ms)
		ExecutionOrderSort (0ms)
		DisableScriptedObjects (4ms)
		BackupInstance (0ms)
		ReleaseScriptingObjects (0ms)
		CreateAndSetChildDomain (29ms)
	RebuildCommonClasses (24ms)
	RebuildNativeTypeToScriptingClass (8ms)
	initialDomainReloadingComplete (17ms)
	LoadAllAssembliesAndSetupDomain (199ms)
		LoadAssemblies (197ms)
		RebuildTransferFunctionScriptingTraits (0ms)
		AnalyzeDomain (65ms)
			TypeCache.Refresh (4ms)
				TypeCache.ScanAssembly (0ms)
			BuildScriptInfoCaches (54ms)
			ResolveRequiredComponents (4ms)
	FinalizeReload (501ms)
		ReleaseScriptCaches (0ms)
		RebuildScriptCaches (0ms)
		SetupLoadedEditorAssemblies (355ms)
			LogAssemblyErrors (0ms)
			InitializePlatformSupportModulesInManaged (2ms)
			SetLoadedEditorAssemblies (3ms)
			BeforeProcessingInitializeOnLoad (56ms)
			ProcessInitializeOnLoadAttributes (131ms)
			ProcessInitializeOnLoadMethodAttributes (159ms)
			AfterProcessingInitializeOnLoad (4ms)
			EditorAssembliesLoaded (0ms)
		ExecutionOrderSort2 (0ms)
		AwakeInstancesAfterBackupRestoration (6ms)
Refreshing native plugins compatible for Editor in 0.16 ms, found 0 plugins.
Preloading 0 native plugins for Editor in 0.00 ms.
Unloading 72 Unused Serialized files (Serialized files now loaded: 0)
Unloading 3924 unused Assets / (7.7 MB). Loaded Objects now: 4479.
Memory consumption went from 143.5 MB to 135.9 MB.
Total: 7.374000 ms (FindLiveObjects: 0.435100 ms CreateObjectMapping: 0.152400 ms MarkObjects: 4.154300 ms  DeleteObjects: 2.631600 ms)

Prepare: number of updated asset objects reloaded= 0
========================================================================
Received Import Request.
  Time since last request: 97.819208 seconds.
  path: Assets/DungeonTheme 1.asset
  artifactKey: Guid(5830a12b9eba6a344924d2b54483e01a) Importer(815301076,1909f56bfc062723c751e8b465ee728b)
Start importing Assets/DungeonTheme 1.asset using Guid(5830a12b9eba6a344924d2b54483e01a) Importer(815301076,1909f56bfc062723c751e8b465ee728b) (PreviewImporter)[PhysX] Initialized MultithreadedTaskDispatcher with 16 workers.
 -> (artifact id: '740e51915d2c745ffe702f2feafdafaf') in 0.014474 seconds
Number of updated asset objects reloaded before import = 0Number of asset objects unloaded after import = 21

========================================================================
Received Import Request.
  Time since last request: 47.431948 seconds.
  path: Assets/Scenes/CandyDungeonTheme.asset
  artifactKey: Guid(d714c1b18005fef4f9725092a6dd92ae) Importer(815301076,1909f56bfc062723c751e8b465ee728b)
Start importing Assets/Scenes/CandyDungeonTheme.asset using Guid(d714c1b18005fef4f9725092a6dd92ae) Importer(815301076,1909f56bfc062723c751e8b465ee728b) (PreviewImporter)[PhysX] Initialized MultithreadedTaskDispatcher with 16 workers.
 -> (artifact id: 'e165730b79388eb4938befa92f493dc2') in 0.0174025 seconds
Number of updated asset objects reloaded before import = 0Number of asset objects unloaded after import = 356

========================================================================
Received Import Request.
  Time since last request: 0.000017 seconds.
  path: Assets/Scenes/ThemePrehistoric.asset
  artifactKey: Guid(f4e66f087ebc4034daea6814a5506b8e) Importer(815301076,1909f56bfc062723c751e8b465ee728b)
Start importing Assets/Scenes/ThemePrehistoric.asset using Guid(f4e66f087ebc4034daea6814a5506b8e) Importer(815301076,1909f56bfc062723c751e8b465ee728b) (PreviewImporter)[PhysX] Initialized MultithreadedTaskDispatcher with 16 workers.
 -> (artifact id: '04af60922b4943a62f2f2a88e2900e2a') in 0.0305091 seconds
Number of updated asset objects reloaded before import = 0Number of asset objects unloaded after import = 825

========================================================================
Received Import Request.
  Time since last request: 0.037995 seconds.
  path: Assets/CodeRespawn/DungeonArchitect_Samples/Demo_Theme_Candy/Prefabs/FlowerPot.prefab
  artifactKey: Guid(76b5d23686a3ea24ba6ef71373bd62ed) Importer(815301076,1909f56bfc062723c751e8b465ee728b)
Start importing Assets/CodeRespawn/DungeonArchitect_Samples/Demo_Theme_Candy/Prefabs/FlowerPot.prefab using Guid(76b5d23686a3ea24ba6ef71373bd62ed) Importer(815301076,1909f56bfc062723c751e8b465ee728b) (PreviewImporter)[PhysX] Initialized MultithreadedTaskDispatcher with 16 workers.
[PhysX] Initialized MultithreadedTaskDispatcher with 16 workers.
 -> (artifact id: '6a74aef6853a3c433963227c6fcd651c') in 0.0567571 seconds
Number of updated asset objects reloaded before import = 0Number of asset objects unloaded after import = 12

========================================================================
Received Import Request.
  Time since last request: 0.000023 seconds.
  path: Assets/CodeRespawn/DungeonArchitect_Samples/Demo_Theme_Candy/Prefabs/Stairs.prefab
  artifactKey: Guid(8e79304cfd6ea464ea1b1d298012c374) Importer(815301076,1909f56bfc062723c751e8b465ee728b)
Start importing Assets/CodeRespawn/DungeonArchitect_Samples/Demo_Theme_Candy/Prefabs/Stairs.prefab using Guid(8e79304cfd6ea464ea1b1d298012c374) Importer(815301076,1909f56bfc062723c751e8b465ee728b) (PreviewImporter)[PhysX] Initialized MultithreadedTaskDispatcher with 16 workers.
[PhysX] Initialized MultithreadedTaskDispatcher with 16 workers.
 -> (artifact id: 'acc21f1674bd63dca3a4ed2bc336b021') in 0.0231227 seconds
Number of updated asset objects reloaded before import = 0Number of asset objects unloaded after import = 17

========================================================================
Received Import Request.
  Time since last request: 0.000013 seconds.
  path: Assets/CodeRespawn/DungeonArchitect_Samples/Demo_Theme_Candy/Prefabs/Chair1.prefab
  artifactKey: Guid(1288d7757404a1b4e84b9fea1315937a) Importer(815301076,1909f56bfc062723c751e8b465ee728b)
Start importing Assets/CodeRespawn/DungeonArchitect_Samples/Demo_Theme_Candy/Prefabs/Chair1.prefab using Guid(1288d7757404a1b4e84b9fea1315937a) Importer(815301076,1909f56bfc062723c751e8b465ee728b) (PreviewImporter)[PhysX] Initialized MultithreadedTaskDispatcher with 16 workers.
[PhysX] Initialized MultithreadedTaskDispatcher with 16 workers.
 -> (artifact id: '2c736eef6eb9f90b4c6edc928179c3a4') in 0.0186485 seconds
Number of updated asset objects reloaded before import = 0Number of asset objects unloaded after import = 12

========================================================================
Received Import Request.
  Time since last request: 0.000015 seconds.
  path: Assets/CodeRespawn/DungeonArchitect_Samples/Demo_Theme_Candy/Prefabs/Wall2.prefab
  artifactKey: Guid(f2ead00bfcf27ac4ebaf5b99814dc987) Importer(815301076,1909f56bfc062723c751e8b465ee728b)
Start importing Assets/CodeRespawn/DungeonArchitect_Samples/Demo_Theme_Candy/Prefabs/Wall2.prefab using Guid(f2ead00bfcf27ac4ebaf5b99814dc987) Importer(815301076,1909f56bfc062723c751e8b465ee728b) (PreviewImporter)[PhysX] Initialized MultithreadedTaskDispatcher with 16 workers.
[PhysX] Initialized MultithreadedTaskDispatcher with 16 workers.
 -> (artifact id: 'd8a1906015467a3e94ca6e53813cfa9b') in 0.0197052 seconds
Number of updated asset objects reloaded before import = 0Number of asset objects unloaded after import = 12

========================================================================
Received Import Request.
  Time since last request: 0.000145 seconds.
  path: Assets/CodeRespawn/DungeonArchitect_Samples/Demo_Theme_Candy/Prefabs/Wall1.prefab
  artifactKey: Guid(a30fa01eb6b5a154db89955c150ce454) Importer(815301076,1909f56bfc062723c751e8b465ee728b)
Start importing Assets/CodeRespawn/DungeonArchitect_Samples/Demo_Theme_Candy/Prefabs/Wall1.prefab using Guid(a30fa01eb6b5a154db89955c150ce454) Importer(815301076,1909f56bfc062723c751e8b465ee728b) (PreviewImporter)[PhysX] Initialized MultithreadedTaskDispatcher with 16 workers.
[PhysX] Initialized MultithreadedTaskDispatcher with 16 workers.
 -> (artifact id: 'aa0503ae48e590876dab7f09e903092e') in 0.0203155 seconds
Number of updated asset objects reloaded before import = 0Number of asset objects unloaded after import = 12

========================================================================
Received Import Request.
  Time since last request: 3.937724 seconds.
  path: Assets/CodeRespawn/DungeonArchitect_Samples/Demo_Theme_Candy/Prefabs/Door.prefab
  artifactKey: Guid(d5e8fb3d73245be488482fc3fa334509) Importer(815301076,1909f56bfc062723c751e8b465ee728b)
Start importing Assets/CodeRespawn/DungeonArchitect_Samples/Demo_Theme_Candy/Prefabs/Door.prefab using Guid(d5e8fb3d73245be488482fc3fa334509) Importer(815301076,1909f56bfc062723c751e8b465ee728b) (PreviewImporter)[PhysX] Initialized MultithreadedTaskDispatcher with 16 workers.
[PhysX] Initialized MultithreadedTaskDispatcher with 16 workers.
 -> (artifact id: '989f7815856e71bc5c32894430526175') in 0.0232229 seconds
Number of updated asset objects reloaded before import = 0Number of asset objects unloaded after import = 13

========================================================================
Received Import Request.
  Time since last request: 2.087557 seconds.
  path: Assets/CodeRespawn/DungeonArchitect_Samples/Demo_Theme_Candy/Prefabs/Carpet.prefab
  artifactKey: Guid(edc98e5c0deab7f40bbd1f1d33663c0a) Importer(815301076,1909f56bfc062723c751e8b465ee728b)
Start importing Assets/CodeRespawn/DungeonArchitect_Samples/Demo_Theme_Candy/Prefabs/Carpet.prefab using Guid(edc98e5c0deab7f40bbd1f1d33663c0a) Importer(815301076,1909f56bfc062723c751e8b465ee728b) (PreviewImporter)[PhysX] Initialized MultithreadedTaskDispatcher with 16 workers.
[PhysX] Initialized MultithreadedTaskDispatcher with 16 workers.
 -> (artifact id: '369f408b197feb88f06f73776a25e0f8') in 0.0184824 seconds
Number of updated asset objects reloaded before import = 0Number of asset objects unloaded after import = 12

